<?xml version="1.0" encoding="UTF-8"?>
<!-- Generated by org.testng.reporters.JUnitReportReporter -->
<testsuite hostname="LAPTOP-IFJDGCLM" failures="0" tests="1" name="com.jenkinTest.create.SampleTest" time="0.010" errors="0" timestamp="2022-12-20T14:43:51 IST" skipped="0">
  <testcase classname="com.jenkinTest.create.SampleTest" name="sampleCode" time="0.010"/>
  <system-out/>
</testsuite> <!-- com.jenkinTest.create.SampleTest -->
